Analysis & Synthesis report for calcRev1
Sat Dec 12 14:02:29 2020
Quartus II 64-Bit Version 13.0.1 Build 232 06/12/2013 Service Pack 1 SJ Web Edition


---------------------
; Table of Contents ;
---------------------
  1. Legal Notice
  2. Analysis & Synthesis Summary
  3. Analysis & Synthesis Settings
  4. Parallel Compilation
  5. Analysis & Synthesis Source Files Read
  6. Analysis & Synthesis Resource Usage Summary
  7. Analysis & Synthesis Resource Utilization by Entity
  8. Analysis & Synthesis IP Cores Summary
  9. User-Specified and Inferred Latches
 10. General Register Statistics
 11. Multiplexer Restructuring Statistics (Restructuring Performed)
 12. Parameter Settings for User Entity Instance: Top-level Entity: |calcRev1
 13. Parameter Settings for User Entity Instance: apostila6pag6:soma
 14. Parameter Settings for User Entity Instance: multiplicacao:multi|lpm_mult:lpm_mult_component
 15. Parameter Settings for Inferred Entity Instance: lpm_divide:Div0
 16. Parameter Settings for Inferred Entity Instance: lpm_divide:Mod0
 17. lpm_mult Parameter Settings by Entity Instance
 18. Port Connectivity Checks: "apostila6pag6:soma"
 19. Elapsed Time Per Partition
 20. Analysis & Synthesis Messages



----------------
; Legal Notice ;
----------------
Copyright (C) 1991-2013 Altera Corporation
Your use of Altera Corporation's design tools, logic functions 
and other software and tools, and its AMPP partner logic 
functions, and any output files from any of the foregoing 
(including device programming or simulation files), and any 
associated documentation or information are expressly subject 
to the terms and conditions of the Altera Program License 
Subscription Agreement, Altera MegaCore Function License 
Agreement, or other applicable license agreement, including, 
without limitation, that your use is for the sole purpose of 
programming logic devices manufactured by Altera and sold by 
Altera or its authorized distributors.  Please refer to the 
applicable agreement for further details.



+--------------------------------------------------------------------------------------+
; Analysis & Synthesis Summary                                                         ;
+------------------------------------+-------------------------------------------------+
; Analysis & Synthesis Status        ; Successful - Sat Dec 12 14:02:29 2020           ;
; Quartus II 64-Bit Version          ; 13.0.1 Build 232 06/12/2013 SP 1 SJ Web Edition ;
; Revision Name                      ; calcRev1                                        ;
; Top-level Entity Name              ; calcRev1                                        ;
; Family                             ; Cyclone II                                      ;
; Total logic elements               ; 360                                             ;
;     Total combinational functions  ; 360                                             ;
;     Dedicated logic registers      ; 0                                               ;
; Total registers                    ; 0                                               ;
; Total pins                         ; 43                                              ;
; Total virtual pins                 ; 0                                               ;
; Total memory bits                  ; 0                                               ;
; Embedded Multiplier 9-bit elements ; 0                                               ;
; Total PLLs                         ; 0                                               ;
+------------------------------------+-------------------------------------------------+


+----------------------------------------------------------------------------------------------------------------------+
; Analysis & Synthesis Settings                                                                                        ;
+----------------------------------------------------------------------------+--------------------+--------------------+
; Option                                                                     ; Setting            ; Default Value      ;
+----------------------------------------------------------------------------+--------------------+--------------------+
; Device                                                                     ; EP2C5T144C8        ;                    ;
; Top-level entity name                                                      ; calcRev1           ; calcRev1           ;
; Family name                                                                ; Cyclone II         ; Cyclone IV GX      ;
; Use smart compilation                                                      ; Off                ; Off                ;
; Enable parallel Assembler and TimeQuest Timing Analyzer during compilation ; On                 ; On                 ;
; Enable compact report table                                                ; Off                ; Off                ;
; Restructure Multiplexers                                                   ; Auto               ; Auto               ;
; Create Debugging Nodes for IP Cores                                        ; Off                ; Off                ;
; Preserve fewer node names                                                  ; On                 ; On                 ;
; Disable OpenCore Plus hardware evaluation                                  ; Off                ; Off                ;
; Verilog Version                                                            ; Verilog_2001       ; Verilog_2001       ;
; VHDL Version                                                               ; VHDL_1993          ; VHDL_1993          ;
; State Machine Processing                                                   ; Auto               ; Auto               ;
; Safe State Machine                                                         ; Off                ; Off                ;
; Extract Verilog State Machines                                             ; On                 ; On                 ;
; Extract VHDL State Machines                                                ; On                 ; On                 ;
; Ignore Verilog initial constructs                                          ; Off                ; Off                ;
; Iteration limit for constant Verilog loops                                 ; 5000               ; 5000               ;
; Iteration limit for non-constant Verilog loops                             ; 250                ; 250                ;
; Add Pass-Through Logic to Inferred RAMs                                    ; On                 ; On                 ;
; Infer RAMs from Raw Logic                                                  ; On                 ; On                 ;
; Parallel Synthesis                                                         ; On                 ; On                 ;
; DSP Block Balancing                                                        ; Auto               ; Auto               ;
; NOT Gate Push-Back                                                         ; On                 ; On                 ;
; Power-Up Don't Care                                                        ; On                 ; On                 ;
; Remove Redundant Logic Cells                                               ; Off                ; Off                ;
; Remove Duplicate Registers                                                 ; On                 ; On                 ;
; Ignore CARRY Buffers                                                       ; Off                ; Off                ;
; Ignore CASCADE Buffers                                                     ; Off                ; Off                ;
; Ignore GLOBAL Buffers                                                      ; Off                ; Off                ;
; Ignore ROW GLOBAL Buffers                                                  ; Off                ; Off                ;
; Ignore LCELL Buffers                                                       ; Off                ; Off                ;
; Ignore SOFT Buffers                                                        ; On                 ; On                 ;
; Limit AHDL Integers to 32 Bits                                             ; Off                ; Off                ;
; Optimization Technique                                                     ; Balanced           ; Balanced           ;
; Carry Chain Length                                                         ; 70                 ; 70                 ;
; Auto Carry Chains                                                          ; On                 ; On                 ;
; Auto Open-Drain Pins                                                       ; On                 ; On                 ;
; Perform WYSIWYG Primitive Resynthesis                                      ; Off                ; Off                ;
; Auto ROM Replacement                                                       ; On                 ; On                 ;
; Auto RAM Replacement                                                       ; On                 ; On                 ;
; Auto Shift Register Replacement                                            ; Auto               ; Auto               ;
; Allow Shift Register Merging across Hierarchies                            ; Auto               ; Auto               ;
; Auto Clock Enable Replacement                                              ; On                 ; On                 ;
; Strict RAM Replacement                                                     ; Off                ; Off                ;
; Allow Synchronous Control Signals                                          ; On                 ; On                 ;
; Force Use of Synchronous Clear Signals                                     ; Off                ; Off                ;
; Auto RAM to Logic Cell Conversion                                          ; Off                ; Off                ;
; Auto Resource Sharing                                                      ; Off                ; Off                ;
; Allow Any RAM Size For Recognition                                         ; Off                ; Off                ;
; Allow Any ROM Size For Recognition                                         ; Off                ; Off                ;
; Allow Any Shift Register Size For Recognition                              ; Off                ; Off                ;
; Use LogicLock Constraints during Resource Balancing                        ; On                 ; On                 ;
; Ignore translate_off and synthesis_off directives                          ; Off                ; Off                ;
; Timing-Driven Synthesis                                                    ; Off                ; Off                ;
; Report Parameter Settings                                                  ; On                 ; On                 ;
; Report Source Assignments                                                  ; On                 ; On                 ;
; Report Connectivity Checks                                                 ; On                 ; On                 ;
; Ignore Maximum Fan-Out Assignments                                         ; Off                ; Off                ;
; Synchronization Register Chain Length                                      ; 2                  ; 2                  ;
; PowerPlay Power Optimization                                               ; Normal compilation ; Normal compilation ;
; HDL message level                                                          ; Level2             ; Level2             ;
; Suppress Register Optimization Related Messages                            ; Off                ; Off                ;
; Number of Removed Registers Reported in Synthesis Report                   ; 5000               ; 5000               ;
; Number of Swept Nodes Reported in Synthesis Report                         ; 5000               ; 5000               ;
; Number of Inverted Registers Reported in Synthesis Report                  ; 100                ; 100                ;
; Clock MUX Protection                                                       ; On                 ; On                 ;
; Auto Gated Clock Conversion                                                ; Off                ; Off                ;
; Block Design Naming                                                        ; Auto               ; Auto               ;
; SDC constraint protection                                                  ; Off                ; Off                ;
; Synthesis Effort                                                           ; Auto               ; Auto               ;
; Shift Register Replacement - Allow Asynchronous Clear Signal               ; On                 ; On                 ;
; Pre-Mapping Resynthesis Optimization                                       ; Off                ; Off                ;
; Analysis & Synthesis Message Level                                         ; Medium             ; Medium             ;
; Disable Register Merging Across Hierarchies                                ; Auto               ; Auto               ;
; Resource Aware Inference For Block RAM                                     ; On                 ; On                 ;
; Synthesis Seed                                                             ; 1                  ; 1                  ;
+----------------------------------------------------------------------------+--------------------+--------------------+


Parallel compilation was disabled, but you have multiple processors available. Enable parallel compilation to reduce compilation time.
+-------------------------------------+
; Parallel Compilation                ;
+----------------------------+--------+
; Processors                 ; Number ;
+----------------------------+--------+
; Number detected on machine ; 8      ;
; Maximum allowed            ; 1      ;
+----------------------------+--------+


+-------------------------------------------------------------------------------------------------------------------------------------------------------------------------------------------------------------------------------+
; Analysis & Synthesis Source Files Read                                                                                                                                                                                        ;
+----------------------------------+-----------------+------------------------------+---------------------------------------------------------------------------------------------------------------------------------+---------+
; File Name with User-Entered Path ; Used in Netlist ; File Type                    ; File Name with Absolute Path                                                                                                    ; Library ;
+----------------------------------+-----------------+------------------------------+---------------------------------------------------------------------------------------------------------------------------------+---------+
; calcRev1.vhd                     ; yes             ; User VHDL File               ; C:/Users/r2440/OneDrive/Documents/Projetos-Quartus/Placa mini-fpga EP2C5144/PrototipoCalculadoraRev1/calcRev1.vhd               ;         ;
; apostila6pag5.vhd                ; yes             ; User VHDL File               ; C:/Users/r2440/OneDrive/Documents/Projetos-Quartus/Placa mini-fpga EP2C5144/PrototipoCalculadoraRev1/apostila6pag5.vhd          ;         ;
; apostila6pag6.vhd                ; yes             ; User VHDL File               ; C:/Users/r2440/OneDrive/Documents/Projetos-Quartus/Placa mini-fpga EP2C5144/PrototipoCalculadoraRev1/apostila6pag6.vhd          ;         ;
; decod7segSomaUnid.vhd            ; yes             ; User VHDL File               ; C:/Users/r2440/OneDrive/Documents/Projetos-Quartus/Placa mini-fpga EP2C5144/PrototipoCalculadoraRev1/decod7segSomaUnid.vhd      ;         ;
; decod7segSomaDez2.vhd            ; yes             ; User VHDL File               ; C:/Users/r2440/OneDrive/Documents/Projetos-Quartus/Placa mini-fpga EP2C5144/PrototipoCalculadoraRev1/decod7segSomaDez2.vhd      ;         ;
; multiplicacao.vhd                ; yes             ; User Wizard-Generated File   ; C:/Users/r2440/OneDrive/Documents/Projetos-Quartus/Placa mini-fpga EP2C5144/PrototipoCalculadoraRev1/multiplicacao.vhd          ;         ;
; lpm_mult.tdf                     ; yes             ; Megafunction                 ; c:/altera/13.0sp1/quartus/libraries/megafunctions/lpm_mult.tdf                                                                  ;         ;
; aglobal130.inc                   ; yes             ; Megafunction                 ; c:/altera/13.0sp1/quartus/libraries/megafunctions/aglobal130.inc                                                                ;         ;
; lpm_add_sub.inc                  ; yes             ; Megafunction                 ; c:/altera/13.0sp1/quartus/libraries/megafunctions/lpm_add_sub.inc                                                               ;         ;
; multcore.inc                     ; yes             ; Megafunction                 ; c:/altera/13.0sp1/quartus/libraries/megafunctions/multcore.inc                                                                  ;         ;
; bypassff.inc                     ; yes             ; Megafunction                 ; c:/altera/13.0sp1/quartus/libraries/megafunctions/bypassff.inc                                                                  ;         ;
; altshift.inc                     ; yes             ; Megafunction                 ; c:/altera/13.0sp1/quartus/libraries/megafunctions/altshift.inc                                                                  ;         ;
; multcore.tdf                     ; yes             ; Megafunction                 ; c:/altera/13.0sp1/quartus/libraries/megafunctions/multcore.tdf                                                                  ;         ;
; csa_add.inc                      ; yes             ; Megafunction                 ; c:/altera/13.0sp1/quartus/libraries/megafunctions/csa_add.inc                                                                   ;         ;
; mpar_add.inc                     ; yes             ; Megafunction                 ; c:/altera/13.0sp1/quartus/libraries/megafunctions/mpar_add.inc                                                                  ;         ;
; muleabz.inc                      ; yes             ; Megafunction                 ; c:/altera/13.0sp1/quartus/libraries/megafunctions/muleabz.inc                                                                   ;         ;
; mul_lfrg.inc                     ; yes             ; Megafunction                 ; c:/altera/13.0sp1/quartus/libraries/megafunctions/mul_lfrg.inc                                                                  ;         ;
; mul_boothc.inc                   ; yes             ; Megafunction                 ; c:/altera/13.0sp1/quartus/libraries/megafunctions/mul_boothc.inc                                                                ;         ;
; alt_ded_mult.inc                 ; yes             ; Megafunction                 ; c:/altera/13.0sp1/quartus/libraries/megafunctions/alt_ded_mult.inc                                                              ;         ;
; alt_ded_mult_y.inc               ; yes             ; Megafunction                 ; c:/altera/13.0sp1/quartus/libraries/megafunctions/alt_ded_mult_y.inc                                                            ;         ;
; dffpipe.inc                      ; yes             ; Megafunction                 ; c:/altera/13.0sp1/quartus/libraries/megafunctions/dffpipe.inc                                                                   ;         ;
; mpar_add.tdf                     ; yes             ; Megafunction                 ; c:/altera/13.0sp1/quartus/libraries/megafunctions/mpar_add.tdf                                                                  ;         ;
; lpm_add_sub.tdf                  ; yes             ; Megafunction                 ; c:/altera/13.0sp1/quartus/libraries/megafunctions/lpm_add_sub.tdf                                                               ;         ;
; addcore.inc                      ; yes             ; Megafunction                 ; c:/altera/13.0sp1/quartus/libraries/megafunctions/addcore.inc                                                                   ;         ;
; look_add.inc                     ; yes             ; Megafunction                 ; c:/altera/13.0sp1/quartus/libraries/megafunctions/look_add.inc                                                                  ;         ;
; alt_stratix_add_sub.inc          ; yes             ; Megafunction                 ; c:/altera/13.0sp1/quartus/libraries/megafunctions/alt_stratix_add_sub.inc                                                       ;         ;
; db/add_sub_07h.tdf               ; yes             ; Auto-Generated Megafunction  ; C:/Users/r2440/OneDrive/Documents/Projetos-Quartus/Placa mini-fpga EP2C5144/PrototipoCalculadoraRev1/db/add_sub_07h.tdf         ;         ;
; db/add_sub_17h.tdf               ; yes             ; Auto-Generated Megafunction  ; C:/Users/r2440/OneDrive/Documents/Projetos-Quartus/Placa mini-fpga EP2C5144/PrototipoCalculadoraRev1/db/add_sub_17h.tdf         ;         ;
; altshift.tdf                     ; yes             ; Megafunction                 ; c:/altera/13.0sp1/quartus/libraries/megafunctions/altshift.tdf                                                                  ;         ;
; lpm_divide.tdf                   ; yes             ; Megafunction                 ; c:/altera/13.0sp1/quartus/libraries/megafunctions/lpm_divide.tdf                                                                ;         ;
; abs_divider.inc                  ; yes             ; Megafunction                 ; c:/altera/13.0sp1/quartus/libraries/megafunctions/abs_divider.inc                                                               ;         ;
; sign_div_unsign.inc              ; yes             ; Megafunction                 ; c:/altera/13.0sp1/quartus/libraries/megafunctions/sign_div_unsign.inc                                                           ;         ;
; db/lpm_divide_3dm.tdf            ; yes             ; Auto-Generated Megafunction  ; C:/Users/r2440/OneDrive/Documents/Projetos-Quartus/Placa mini-fpga EP2C5144/PrototipoCalculadoraRev1/db/lpm_divide_3dm.tdf      ;         ;
; db/sign_div_unsign_dkh.tdf       ; yes             ; Auto-Generated Megafunction  ; C:/Users/r2440/OneDrive/Documents/Projetos-Quartus/Placa mini-fpga EP2C5144/PrototipoCalculadoraRev1/db/sign_div_unsign_dkh.tdf ;         ;
; db/alt_u_div_sve.tdf             ; yes             ; Auto-Generated Megafunction  ; C:/Users/r2440/OneDrive/Documents/Projetos-Quartus/Placa mini-fpga EP2C5144/PrototipoCalculadoraRev1/db/alt_u_div_sve.tdf       ;         ;
; db/add_sub_lkc.tdf               ; yes             ; Auto-Generated Megafunction  ; C:/Users/r2440/OneDrive/Documents/Projetos-Quartus/Placa mini-fpga EP2C5144/PrototipoCalculadoraRev1/db/add_sub_lkc.tdf         ;         ;
; db/add_sub_mkc.tdf               ; yes             ; Auto-Generated Megafunction  ; C:/Users/r2440/OneDrive/Documents/Projetos-Quartus/Placa mini-fpga EP2C5144/PrototipoCalculadoraRev1/db/add_sub_mkc.tdf         ;         ;
; db/lpm_divide_65m.tdf            ; yes             ; Auto-Generated Megafunction  ; C:/Users/r2440/OneDrive/Documents/Projetos-Quartus/Placa mini-fpga EP2C5144/PrototipoCalculadoraRev1/db/lpm_divide_65m.tdf      ;         ;
+----------------------------------+-----------------+------------------------------+---------------------------------------------------------------------------------------------------------------------------------+---------+


+------------------------------------------------------+
; Analysis & Synthesis Resource Usage Summary          ;
+---------------------------------------------+--------+
; Resource                                    ; Usage  ;
+---------------------------------------------+--------+
; Estimated Total logic elements              ; 360    ;
;                                             ;        ;
; Total combinational functions               ; 360    ;
; Logic element usage by number of LUT inputs ;        ;
;     -- 4 input functions                    ; 182    ;
;     -- 3 input functions                    ; 106    ;
;     -- <=2 input functions                  ; 72     ;
;                                             ;        ;
; Logic elements by mode                      ;        ;
;     -- normal mode                          ; 304    ;
;     -- arithmetic mode                      ; 56     ;
;                                             ;        ;
; Total registers                             ; 0      ;
;     -- Dedicated logic registers            ; 0      ;
;     -- I/O registers                        ; 0      ;
;                                             ;        ;
; I/O pins                                    ; 43     ;
; Embedded Multiplier 9-bit elements          ; 0      ;
; Maximum fan-out node                        ; Mux0~1 ;
; Maximum fan-out                             ; 49     ;
; Total fan-out                               ; 1196   ;
; Average fan-out                             ; 2.97   ;
+---------------------------------------------+--------+


+--------------------------------------------------------------------------------------------------------------------------------------------------------------------------------------------------------------------------------------------------------------------------------------------------------------------------------------------------+
; Analysis & Synthesis Resource Utilization by Entity                                                                                                                                                                                                                                                                                              ;
+---------------------------------------------------+-------------------+--------------+-------------+--------------+---------+-----------+------+--------------+-------------------------------------------------------------------------------------------------------------------------------------------------------------------+--------------+
; Compilation Hierarchy Node                        ; LC Combinationals ; LC Registers ; Memory Bits ; DSP Elements ; DSP 9x9 ; DSP 18x18 ; Pins ; Virtual Pins ; Full Hierarchy Name                                                                                                                                               ; Library Name ;
+---------------------------------------------------+-------------------+--------------+-------------+--------------+---------+-----------+------+--------------+-------------------------------------------------------------------------------------------------------------------------------------------------------------------+--------------+
; |calcRev1                                         ; 360 (48)          ; 0 (0)        ; 0           ; 0            ; 0       ; 0         ; 43   ; 0            ; |calcRev1                                                                                                                                                         ; work         ;
;    |apostila6pag6:soma|                           ; 3 (0)             ; 0 (0)        ; 0           ; 0            ; 0       ; 0         ; 0    ; 0            ; |calcRev1|apostila6pag6:soma                                                                                                                                      ; work         ;
;       |apostila6pag5:x1|                          ; 2 (2)             ; 0 (0)        ; 0           ; 0            ; 0       ; 0         ; 0    ; 0            ; |calcRev1|apostila6pag6:soma|apostila6pag5:x1                                                                                                                     ; work         ;
;       |apostila6pag5:x3|                          ; 1 (1)             ; 0 (0)        ; 0           ; 0            ; 0       ; 0         ; 0    ; 0            ; |calcRev1|apostila6pag6:soma|apostila6pag5:x3                                                                                                                     ; work         ;
;    |decod7segSomaDez2:u_d|                        ; 37 (37)           ; 0 (0)        ; 0           ; 0            ; 0       ; 0         ; 0    ; 0            ; |calcRev1|decod7segSomaDez2:u_d                                                                                                                                   ; work         ;
;    |decod7segSomaUnid:u_meg|                      ; 39 (39)           ; 0 (0)        ; 0           ; 0            ; 0       ; 0         ; 0    ; 0            ; |calcRev1|decod7segSomaUnid:u_meg                                                                                                                                 ; work         ;
;    |decod7segSomaUnid:u_u|                        ; 102 (102)         ; 0 (0)        ; 0           ; 0            ; 0       ; 0         ; 0    ; 0            ; |calcRev1|decod7segSomaUnid:u_u                                                                                                                                   ; work         ;
;    |lpm_divide:Div0|                              ; 57 (0)            ; 0 (0)        ; 0           ; 0            ; 0       ; 0         ; 0    ; 0            ; |calcRev1|lpm_divide:Div0                                                                                                                                         ; work         ;
;       |lpm_divide_3dm:auto_generated|             ; 57 (0)            ; 0 (0)        ; 0           ; 0            ; 0       ; 0         ; 0    ; 0            ; |calcRev1|lpm_divide:Div0|lpm_divide_3dm:auto_generated                                                                                                           ; work         ;
;          |sign_div_unsign_dkh:divider|            ; 57 (0)            ; 0 (0)        ; 0           ; 0            ; 0       ; 0         ; 0    ; 0            ; |calcRev1|lpm_divide:Div0|lpm_divide_3dm:auto_generated|sign_div_unsign_dkh:divider                                                                               ; work         ;
;             |alt_u_div_sve:divider|               ; 57 (57)           ; 0 (0)        ; 0           ; 0            ; 0       ; 0         ; 0    ; 0            ; |calcRev1|lpm_divide:Div0|lpm_divide_3dm:auto_generated|sign_div_unsign_dkh:divider|alt_u_div_sve:divider                                                         ; work         ;
;    |lpm_divide:Mod0|                              ; 57 (0)            ; 0 (0)        ; 0           ; 0            ; 0       ; 0         ; 0    ; 0            ; |calcRev1|lpm_divide:Mod0                                                                                                                                         ; work         ;
;       |lpm_divide_65m:auto_generated|             ; 57 (0)            ; 0 (0)        ; 0           ; 0            ; 0       ; 0         ; 0    ; 0            ; |calcRev1|lpm_divide:Mod0|lpm_divide_65m:auto_generated                                                                                                           ; work         ;
;          |sign_div_unsign_dkh:divider|            ; 57 (0)            ; 0 (0)        ; 0           ; 0            ; 0       ; 0         ; 0    ; 0            ; |calcRev1|lpm_divide:Mod0|lpm_divide_65m:auto_generated|sign_div_unsign_dkh:divider                                                                               ; work         ;
;             |alt_u_div_sve:divider|               ; 57 (57)           ; 0 (0)        ; 0           ; 0            ; 0       ; 0         ; 0    ; 0            ; |calcRev1|lpm_divide:Mod0|lpm_divide_65m:auto_generated|sign_div_unsign_dkh:divider|alt_u_div_sve:divider                                                         ; work         ;
;    |multiplicacao:multi|                          ; 17 (0)            ; 0 (0)        ; 0           ; 0            ; 0       ; 0         ; 0    ; 0            ; |calcRev1|multiplicacao:multi                                                                                                                                     ; work         ;
;       |lpm_mult:lpm_mult_component|               ; 17 (0)            ; 0 (0)        ; 0           ; 0            ; 0       ; 0         ; 0    ; 0            ; |calcRev1|multiplicacao:multi|lpm_mult:lpm_mult_component                                                                                                         ; work         ;
;          |multcore:mult_core|                     ; 17 (9)            ; 0 (0)        ; 0           ; 0            ; 0       ; 0         ; 0    ; 0            ; |calcRev1|multiplicacao:multi|lpm_mult:lpm_mult_component|multcore:mult_core                                                                                      ; work         ;
;             |mpar_add:padder|                     ; 8 (0)             ; 0 (0)        ; 0           ; 0            ; 0       ; 0         ; 0    ; 0            ; |calcRev1|multiplicacao:multi|lpm_mult:lpm_mult_component|multcore:mult_core|mpar_add:padder                                                                      ; work         ;
;                |lpm_add_sub:adder[0]|             ; 4 (0)             ; 0 (0)        ; 0           ; 0            ; 0       ; 0         ; 0    ; 0            ; |calcRev1|multiplicacao:multi|lpm_mult:lpm_mult_component|multcore:mult_core|mpar_add:padder|lpm_add_sub:adder[0]                                                 ; work         ;
;                   |add_sub_07h:auto_generated|    ; 4 (4)             ; 0 (0)        ; 0           ; 0            ; 0       ; 0         ; 0    ; 0            ; |calcRev1|multiplicacao:multi|lpm_mult:lpm_mult_component|multcore:mult_core|mpar_add:padder|lpm_add_sub:adder[0]|add_sub_07h:auto_generated                      ; work         ;
;                |mpar_add:sub_par_add|             ; 4 (0)             ; 0 (0)        ; 0           ; 0            ; 0       ; 0         ; 0    ; 0            ; |calcRev1|multiplicacao:multi|lpm_mult:lpm_mult_component|multcore:mult_core|mpar_add:padder|mpar_add:sub_par_add                                                 ; work         ;
;                   |lpm_add_sub:adder[0]|          ; 4 (0)             ; 0 (0)        ; 0           ; 0            ; 0       ; 0         ; 0    ; 0            ; |calcRev1|multiplicacao:multi|lpm_mult:lpm_mult_component|multcore:mult_core|mpar_add:padder|mpar_add:sub_par_add|lpm_add_sub:adder[0]                            ; work         ;
;                      |add_sub_17h:auto_generated| ; 4 (4)             ; 0 (0)        ; 0           ; 0            ; 0       ; 0         ; 0    ; 0            ; |calcRev1|multiplicacao:multi|lpm_mult:lpm_mult_component|multcore:mult_core|mpar_add:padder|mpar_add:sub_par_add|lpm_add_sub:adder[0]|add_sub_17h:auto_generated ; work         ;
+---------------------------------------------------+-------------------+--------------+-------------+--------------+---------+-----------+------+--------------+-------------------------------------------------------------------------------------------------------------------------------------------------------------------+--------------+
Note: For table entries with two numbers listed, the numbers in parentheses indicate the number of resources of the given type used by the specific entity alone. The numbers listed outside of parentheses indicate the total resources of the given type used by the specific entity and all of its sub-entities in the hierarchy.


+------------------------------------------------------------------------------------------------------------------------------------------------------------------------------------------------------------------------+
; Analysis & Synthesis IP Cores Summary                                                                                                                                                                                  ;
+--------+--------------+---------+--------------+--------------+-------------------------------+------------------------------------------------------------------------------------------------------------------------+
; Vendor ; IP Core Name ; Version ; Release Date ; License Type ; Entity Instance               ; IP Include File                                                                                                        ;
+--------+--------------+---------+--------------+--------------+-------------------------------+------------------------------------------------------------------------------------------------------------------------+
; Altera ; LPM_MULT     ; 13.0    ; N/A          ; N/A          ; |calcRev1|multiplicacao:multi ; C:/Users/r2440/OneDrive/Documents/Projetos-Quartus/Placa mini-fpga EP2C5144/PrototipoCalculadoraRev1/multiplicacao.vhd ;
+--------+--------------+---------+--------------+--------------+-------------------------------+------------------------------------------------------------------------------------------------------------------------+


+----------------------------------------------------------------------------------------------------+
; User-Specified and Inferred Latches                                                                ;
+-----------------------------------------------------+---------------------+------------------------+
; Latch Name                                          ; Latch Enable Signal ; Free of Timing Hazards ;
+-----------------------------------------------------+---------------------+------------------------+
; res_negativo$latch                                  ; compl_2             ; no                     ;
; decod7segSomaUnid:u_u|segmentos[0]                  ; Mux5                ; yes                    ;
; decod7segSomaDez2:u_d|segmentos[0]                  ; Mux5                ; yes                    ;
; decod7segSomaUnid:u_meg|segmentos[0]                ; Mux5                ; yes                    ;
; decod7segSomaUnid:u_u|segmentos[1]                  ; Mux5                ; yes                    ;
; decod7segSomaDez2:u_d|segmentos[1]                  ; Mux5                ; yes                    ;
; decod7segSomaUnid:u_meg|segmentos[1]                ; Mux5                ; yes                    ;
; decod7segSomaUnid:u_u|segmentos[2]                  ; Mux5                ; yes                    ;
; decod7segSomaDez2:u_d|segmentos[2]                  ; Mux5                ; yes                    ;
; decod7segSomaUnid:u_meg|segmentos[2]                ; Mux5                ; yes                    ;
; decod7segSomaUnid:u_u|segmentos[3]                  ; Mux5                ; yes                    ;
; decod7segSomaDez2:u_d|segmentos[3]                  ; Mux5                ; yes                    ;
; decod7segSomaUnid:u_meg|segmentos[3]                ; Mux5                ; yes                    ;
; decod7segSomaUnid:u_u|segmentos[4]                  ; Mux5                ; yes                    ;
; decod7segSomaDez2:u_d|segmentos[4]                  ; Mux5                ; yes                    ;
; decod7segSomaUnid:u_meg|segmentos[4]                ; Mux5                ; yes                    ;
; decod7segSomaUnid:u_u|segmentos[5]                  ; Mux5                ; yes                    ;
; decod7segSomaDez2:u_d|segmentos[5]                  ; Mux5                ; yes                    ;
; decod7segSomaUnid:u_meg|segmentos[5]                ; Mux5                ; yes                    ;
; decod7segSomaUnid:u_u|segmentos[6]                  ; Mux5                ; yes                    ;
; decod7segSomaDez2:u_d|segmentos[6]                  ; sel_2               ; yes                    ;
; decod7segSomaUnid:u_meg|segmentos[6]                ; Mux5                ; yes                    ;
; acompanha[0]                                        ; acompanha[0]        ; no                     ;
; acompanha[1]                                        ; acompanha[0]        ; no                     ;
; Number of user-specified and inferred latches = 24  ;                     ;                        ;
+-----------------------------------------------------+---------------------+------------------------+
Note: All latches listed above may not be present at the end of synthesis due to various synthesis optimizations.


+------------------------------------------------------+
; General Register Statistics                          ;
+----------------------------------------------+-------+
; Statistic                                    ; Value ;
+----------------------------------------------+-------+
; Total registers                              ; 0     ;
; Number of registers using Synchronous Clear  ; 0     ;
; Number of registers using Synchronous Load   ; 0     ;
; Number of registers using Asynchronous Clear ; 0     ;
; Number of registers using Asynchronous Load  ; 0     ;
; Number of registers using Clock Enable       ; 0     ;
; Number of registers using Preset             ; 0     ;
+----------------------------------------------+-------+


+------------------------------------------------------------------------------------------------------------------------------------------+
; Multiplexer Restructuring Statistics (Restructuring Performed)                                                                           ;
+--------------------+-----------+---------------+----------------------+------------------------+------------+----------------------------+
; Multiplexer Inputs ; Bus Width ; Baseline Area ; Area if Restructured ; Saving if Restructured ; Registered ; Example Multiplexer Output ;
+--------------------+-----------+---------------+----------------------+------------------------+------------+----------------------------+
; 4:1                ; 6 bits    ; 12 LEs        ; 12 LEs               ; 0 LEs                  ; No         ; |calcRev1|Mux0             ;
+--------------------+-----------+---------------+----------------------+------------------------+------------+----------------------------+


+--------------------------------------------------------------------------+
; Parameter Settings for User Entity Instance: Top-level Entity: |calcRev1 ;
+----------------+--------+------------------------------------------------+
; Parameter Name ; Value  ; Type                                           ;
+----------------+--------+------------------------------------------------+
; frequencia     ; 250000 ; Signed Integer                                 ;
+----------------+--------+------------------------------------------------+
Note: In order to hide this table in the UI and the text report file, please set the "Show Parameter Settings in Synthesis Report" option in "Analysis and Synthesis Settings -> More Settings" to "Off".


+-----------------------------------------------------------------+
; Parameter Settings for User Entity Instance: apostila6pag6:soma ;
+----------------+-------+----------------------------------------+
; Parameter Name ; Value ; Type                                   ;
+----------------+-------+----------------------------------------+
; n              ; 4     ; Signed Integer                         ;
+----------------+-------+----------------------------------------+
Note: In order to hide this table in the UI and the text report file, please set the "Show Parameter Settings in Synthesis Report" option in "Analysis and Synthesis Settings -> More Settings" to "Off".


+----------------------------------------------------------------------------------------------+
; Parameter Settings for User Entity Instance: multiplicacao:multi|lpm_mult:lpm_mult_component ;
+------------------------------------------------+------------+--------------------------------+
; Parameter Name                                 ; Value      ; Type                           ;
+------------------------------------------------+------------+--------------------------------+
; AUTO_CARRY_CHAINS                              ; ON         ; AUTO_CARRY                     ;
; IGNORE_CARRY_BUFFERS                           ; OFF        ; IGNORE_CARRY                   ;
; AUTO_CASCADE_CHAINS                            ; ON         ; AUTO_CASCADE                   ;
; IGNORE_CASCADE_BUFFERS                         ; OFF        ; IGNORE_CASCADE                 ;
; LPM_WIDTHA                                     ; 3          ; Signed Integer                 ;
; LPM_WIDTHB                                     ; 3          ; Signed Integer                 ;
; LPM_WIDTHP                                     ; 6          ; Signed Integer                 ;
; LPM_WIDTHR                                     ; 0          ; Untyped                        ;
; LPM_WIDTHS                                     ; 1          ; Untyped                        ;
; LPM_REPRESENTATION                             ; UNSIGNED   ; Untyped                        ;
; LPM_PIPELINE                                   ; 0          ; Untyped                        ;
; LATENCY                                        ; 0          ; Untyped                        ;
; INPUT_A_IS_CONSTANT                            ; NO         ; Untyped                        ;
; INPUT_B_IS_CONSTANT                            ; NO         ; Untyped                        ;
; USE_EAB                                        ; OFF        ; Untyped                        ;
; MAXIMIZE_SPEED                                 ; 5          ; Untyped                        ;
; DEVICE_FAMILY                                  ; Cyclone II ; Untyped                        ;
; CARRY_CHAIN                                    ; MANUAL     ; Untyped                        ;
; APEX20K_TECHNOLOGY_MAPPER                      ; LUT        ; TECH_MAPPER_APEX20K            ;
; DEDICATED_MULTIPLIER_CIRCUITRY                 ; AUTO       ; Untyped                        ;
; DEDICATED_MULTIPLIER_MIN_INPUT_WIDTH_FOR_AUTO  ; 0          ; Untyped                        ;
; DEDICATED_MULTIPLIER_MIN_OUTPUT_WIDTH_FOR_AUTO ; 0          ; Untyped                        ;
; CBXI_PARAMETER                                 ; NOTHING    ; Untyped                        ;
; INPUT_A_FIXED_VALUE                            ; Bx         ; Untyped                        ;
; INPUT_B_FIXED_VALUE                            ; Bx         ; Untyped                        ;
; USE_AHDL_IMPLEMENTATION                        ; OFF        ; Untyped                        ;
+------------------------------------------------+------------+--------------------------------+
Note: In order to hide this table in the UI and the text report file, please set the "Show Parameter Settings in Synthesis Report" option in "Analysis and Synthesis Settings -> More Settings" to "Off".


+------------------------------------------------------------------+
; Parameter Settings for Inferred Entity Instance: lpm_divide:Div0 ;
+------------------------+----------------+------------------------+
; Parameter Name         ; Value          ; Type                   ;
+------------------------+----------------+------------------------+
; LPM_WIDTHN             ; 7              ; Untyped                ;
; LPM_WIDTHD             ; 7              ; Untyped                ;
; LPM_NREPRESENTATION    ; UNSIGNED       ; Untyped                ;
; LPM_DREPRESENTATION    ; UNSIGNED       ; Untyped                ;
; LPM_PIPELINE           ; 0              ; Untyped                ;
; LPM_REMAINDERPOSITIVE  ; TRUE           ; Untyped                ;
; MAXIMIZE_SPEED         ; 5              ; Untyped                ;
; CBXI_PARAMETER         ; lpm_divide_3dm ; Untyped                ;
; CARRY_CHAIN            ; MANUAL         ; Untyped                ;
; OPTIMIZE_FOR_SPEED     ; 5              ; Untyped                ;
; AUTO_CARRY_CHAINS      ; ON             ; AUTO_CARRY             ;
; IGNORE_CARRY_BUFFERS   ; OFF            ; IGNORE_CARRY           ;
; AUTO_CASCADE_CHAINS    ; ON             ; AUTO_CASCADE           ;
; IGNORE_CASCADE_BUFFERS ; OFF            ; IGNORE_CASCADE         ;
+------------------------+----------------+------------------------+
Note: In order to hide this table in the UI and the text report file, please set the "Show Parameter Settings in Synthesis Report" option in "Analysis and Synthesis Settings -> More Settings" to "Off".


+------------------------------------------------------------------+
; Parameter Settings for Inferred Entity Instance: lpm_divide:Mod0 ;
+------------------------+----------------+------------------------+
; Parameter Name         ; Value          ; Type                   ;
+------------------------+----------------+------------------------+
; LPM_WIDTHN             ; 7              ; Untyped                ;
; LPM_WIDTHD             ; 7              ; Untyped                ;
; LPM_NREPRESENTATION    ; UNSIGNED       ; Untyped                ;
; LPM_DREPRESENTATION    ; UNSIGNED       ; Untyped                ;
; LPM_PIPELINE           ; 0              ; Untyped                ;
; LPM_REMAINDERPOSITIVE  ; TRUE           ; Untyped                ;
; MAXIMIZE_SPEED         ; 5              ; Untyped                ;
; CBXI_PARAMETER         ; lpm_divide_65m ; Untyped                ;
; CARRY_CHAIN            ; MANUAL         ; Untyped                ;
; OPTIMIZE_FOR_SPEED     ; 5              ; Untyped                ;
; AUTO_CARRY_CHAINS      ; ON             ; AUTO_CARRY             ;
; IGNORE_CARRY_BUFFERS   ; OFF            ; IGNORE_CARRY           ;
; AUTO_CASCADE_CHAINS    ; ON             ; AUTO_CASCADE           ;
; IGNORE_CASCADE_BUFFERS ; OFF            ; IGNORE_CASCADE         ;
+------------------------+----------------+------------------------+
Note: In order to hide this table in the UI and the text report file, please set the "Show Parameter Settings in Synthesis Report" option in "Analysis and Synthesis Settings -> More Settings" to "Off".


+-----------------------------------------------------------------------------------------+
; lpm_mult Parameter Settings by Entity Instance                                          ;
+---------------------------------------+-------------------------------------------------+
; Name                                  ; Value                                           ;
+---------------------------------------+-------------------------------------------------+
; Number of entity instances            ; 1                                               ;
; Entity Instance                       ; multiplicacao:multi|lpm_mult:lpm_mult_component ;
;     -- LPM_WIDTHA                     ; 3                                               ;
;     -- LPM_WIDTHB                     ; 3                                               ;
;     -- LPM_WIDTHP                     ; 6                                               ;
;     -- LPM_REPRESENTATION             ; UNSIGNED                                        ;
;     -- INPUT_A_IS_CONSTANT            ; NO                                              ;
;     -- INPUT_B_IS_CONSTANT            ; NO                                              ;
;     -- USE_EAB                        ; OFF                                             ;
;     -- DEDICATED_MULTIPLIER_CIRCUITRY ; AUTO                                            ;
;     -- INPUT_A_FIXED_VALUE            ; Bx                                              ;
;     -- INPUT_B_FIXED_VALUE            ; Bx                                              ;
+---------------------------------------+-------------------------------------------------+


+----------------------------------------------------------------------------------------------------------------+
; Port Connectivity Checks: "apostila6pag6:soma"                                                                 ;
+------+--------+----------+-------------------------------------------------------------------------------------+
; Port ; Type   ; Severity ; Details                                                                             ;
+------+--------+----------+-------------------------------------------------------------------------------------+
; cin  ; Input  ; Info     ; Stuck at GND                                                                        ;
; cout ; Output ; Info     ; Connected to dangling logic. Logic that only feeds a dangling port will be removed. ;
+------+--------+----------+-------------------------------------------------------------------------------------+


+-------------------------------+
; Elapsed Time Per Partition    ;
+----------------+--------------+
; Partition Name ; Elapsed Time ;
+----------------+--------------+
; Top            ; 00:00:02     ;
+----------------+--------------+


+-------------------------------+
; Analysis & Synthesis Messages ;
+-------------------------------+
Info: *******************************************************************
Info: Running Quartus II 64-Bit Analysis & Synthesis
    Info: Version 13.0.1 Build 232 06/12/2013 Service Pack 1 SJ Web Edition
    Info: Processing started: Sat Dec 12 14:02:23 2020
Info: Command: quartus_map --read_settings_files=on --write_settings_files=off calcRev1 -c calcRev1
Warning (20028): Parallel compilation is not licensed and has been disabled
Info (12021): Found 2 design units, including 1 entities, in source file calcrev1.vhd
    Info (12022): Found design unit 1: calcRev1-teste_calcRev1
    Info (12023): Found entity 1: calcRev1
Info (12021): Found 2 design units, including 1 entities, in source file apostila6pag5.vhd
    Info (12022): Found design unit 1: apostila6pag5-testeapostila6pag5
    Info (12023): Found entity 1: apostila6pag5
Info (12021): Found 2 design units, including 1 entities, in source file apostila6pag6.vhd
    Info (12022): Found design unit 1: apostila6pag6-testeapostila6pag6
    Info (12023): Found entity 1: apostila6pag6
Info (12021): Found 2 design units, including 1 entities, in source file decod7segsomaunid.vhd
    Info (12022): Found design unit 1: decod7segSomaUnid-teste_decod7segSomaUnid
    Info (12023): Found entity 1: decod7segSomaUnid
Info (12021): Found 2 design units, including 1 entities, in source file decod7segsomadez2.vhd
    Info (12022): Found design unit 1: decod7segSomaDez2-teste_decod7segSomaDez2
    Info (12023): Found entity 1: decod7segSomaDez2
Info (12021): Found 2 design units, including 1 entities, in source file multiplicacao.vhd
    Info (12022): Found design unit 1: multiplicacao-SYN
    Info (12023): Found entity 1: multiplicacao
Info (12021): Found 2 design units, including 1 entities, in source file divisorfrequencia.vhd
    Info (12022): Found design unit 1: divisorFrequencia-teste_divisorFrequencia
    Info (12023): Found entity 1: divisorFrequencia
Info (12021): Found 1 design units, including 1 entities, in source file block4.bdf
    Info (12023): Found entity 1: Block4
Info (12127): Elaborating entity "calcRev1" for the top level hierarchy
Warning (10541): VHDL Signal Declaration warning at calcRev1.vhd(16): used implicit default value for signal "overflow" because signal was never assigned a value or an explicit default value. Use of implicit default value may introduce unintended design optimizations.
Warning (10036): Verilog HDL or VHDL warning at calcRev1.vhd(64): object "overflow_soma" assigned a value but never read
Warning (10631): VHDL Process Statement warning at calcRev1.vhd(78): inferring latch(es) for signal or variable "acompanha", which holds its previous value in one or more paths through the process
Warning (10631): VHDL Process Statement warning at calcRev1.vhd(78): inferring latch(es) for signal or variable "res_negativo", which holds its previous value in one or more paths through the process
Warning (10492): VHDL Process Statement warning at calcRev1.vhd(161): signal "resto" is read inside the Process Statement but isn't in the Process Statement's sensitivity list
Warning (10492): VHDL Process Statement warning at calcRev1.vhd(169): signal "acompanha" is read inside the Process Statement but isn't in the Process Statement's sensitivity list
Warning (10492): VHDL Process Statement warning at calcRev1.vhd(169): signal "res_soma_bin" is read inside the Process Statement but isn't in the Process Statement's sensitivity list
Warning (10492): VHDL Process Statement warning at calcRev1.vhd(170): signal "res_multi" is read inside the Process Statement but isn't in the Process Statement's sensitivity list
Warning (10492): VHDL Process Statement warning at calcRev1.vhd(171): signal "res_divi_quo" is read inside the Process Statement but isn't in the Process Statement's sensitivity list
Info (10041): Inferred latch for "res_negativo" at calcRev1.vhd(78)
Info (10041): Inferred latch for "acompanha[0]" at calcRev1.vhd(78)
Info (10041): Inferred latch for "acompanha[1]" at calcRev1.vhd(78)
Info (12128): Elaborating entity "apostila6pag6" for hierarchy "apostila6pag6:soma"
Info (12128): Elaborating entity "apostila6pag5" for hierarchy "apostila6pag6:soma|apostila6pag5:x0"
Info (12128): Elaborating entity "multiplicacao" for hierarchy "multiplicacao:multi"
Info (12128): Elaborating entity "lpm_mult" for hierarchy "multiplicacao:multi|lpm_mult:lpm_mult_component"
Info (12130): Elaborated megafunction instantiation "multiplicacao:multi|lpm_mult:lpm_mult_component"
Info (12133): Instantiated megafunction "multiplicacao:multi|lpm_mult:lpm_mult_component" with the following parameter:
    Info (12134): Parameter "lpm_hint" = "MAXIMIZE_SPEED=5"
    Info (12134): Parameter "lpm_representation" = "UNSIGNED"
    Info (12134): Parameter "lpm_type" = "LPM_MULT"
    Info (12134): Parameter "lpm_widtha" = "3"
    Info (12134): Parameter "lpm_widthb" = "3"
    Info (12134): Parameter "lpm_widthp" = "6"
Info (12128): Elaborating entity "multcore" for hierarchy "multiplicacao:multi|lpm_mult:lpm_mult_component|multcore:mult_core"
Info (12131): Elaborated megafunction instantiation "multiplicacao:multi|lpm_mult:lpm_mult_component|multcore:mult_core", which is child of megafunction instantiation "multiplicacao:multi|lpm_mult:lpm_mult_component"
Info (12128): Elaborating entity "mpar_add" for hierarchy "multiplicacao:multi|lpm_mult:lpm_mult_component|multcore:mult_core|mpar_add:padder"
Info (12131): Elaborated megafunction instantiation "multiplicacao:multi|lpm_mult:lpm_mult_component|multcore:mult_core|mpar_add:padder", which is child of megafunction instantiation "multiplicacao:multi|lpm_mult:lpm_mult_component"
Info (12128): Elaborating entity "lpm_add_sub" for hierarchy "multiplicacao:multi|lpm_mult:lpm_mult_component|multcore:mult_core|mpar_add:padder|lpm_add_sub:adder[0]"
Info (12131): Elaborated megafunction instantiation "multiplicacao:multi|lpm_mult:lpm_mult_component|multcore:mult_core|mpar_add:padder|lpm_add_sub:adder[0]", which is child of megafunction instantiation "multiplicacao:multi|lpm_mult:lpm_mult_component"
Info (12021): Found 1 design units, including 1 entities, in source file db/add_sub_07h.tdf
    Info (12023): Found entity 1: add_sub_07h
Info (12128): Elaborating entity "add_sub_07h" for hierarchy "multiplicacao:multi|lpm_mult:lpm_mult_component|multcore:mult_core|mpar_add:padder|lpm_add_sub:adder[0]|add_sub_07h:auto_generated"
Info (12128): Elaborating entity "mpar_add" for hierarchy "multiplicacao:multi|lpm_mult:lpm_mult_component|multcore:mult_core|mpar_add:padder|mpar_add:sub_par_add"
Info (12131): Elaborated megafunction instantiation "multiplicacao:multi|lpm_mult:lpm_mult_component|multcore:mult_core|mpar_add:padder|mpar_add:sub_par_add", which is child of megafunction instantiation "multiplicacao:multi|lpm_mult:lpm_mult_component"
Info (12128): Elaborating entity "lpm_add_sub" for hierarchy "multiplicacao:multi|lpm_mult:lpm_mult_component|multcore:mult_core|mpar_add:padder|mpar_add:sub_par_add|lpm_add_sub:adder[0]"
Info (12131): Elaborated megafunction instantiation "multiplicacao:multi|lpm_mult:lpm_mult_component|multcore:mult_core|mpar_add:padder|mpar_add:sub_par_add|lpm_add_sub:adder[0]", which is child of megafunction instantiation "multiplicacao:multi|lpm_mult:lpm_mult_component"
Info (12021): Found 1 design units, including 1 entities, in source file db/add_sub_17h.tdf
    Info (12023): Found entity 1: add_sub_17h
Info (12128): Elaborating entity "add_sub_17h" for hierarchy "multiplicacao:multi|lpm_mult:lpm_mult_component|multcore:mult_core|mpar_add:padder|mpar_add:sub_par_add|lpm_add_sub:adder[0]|add_sub_17h:auto_generated"
Info (12128): Elaborating entity "altshift" for hierarchy "multiplicacao:multi|lpm_mult:lpm_mult_component|altshift:external_latency_ffs"
Info (12131): Elaborated megafunction instantiation "multiplicacao:multi|lpm_mult:lpm_mult_component|altshift:external_latency_ffs", which is child of megafunction instantiation "multiplicacao:multi|lpm_mult:lpm_mult_component"
Info (12128): Elaborating entity "decod7segSomaUnid" for hierarchy "decod7segSomaUnid:u_u"
Warning (10631): VHDL Process Statement warning at decod7segSomaUnid.vhd(16): inferring latch(es) for signal or variable "segmentos", which holds its previous value in one or more paths through the process
Info (10041): Inferred latch for "segmentos[6]" at decod7segSomaUnid.vhd(19)
Info (10041): Inferred latch for "segmentos[5]" at decod7segSomaUnid.vhd(19)
Info (10041): Inferred latch for "segmentos[4]" at decod7segSomaUnid.vhd(19)
Info (10041): Inferred latch for "segmentos[3]" at decod7segSomaUnid.vhd(19)
Info (10041): Inferred latch for "segmentos[2]" at decod7segSomaUnid.vhd(19)
Info (10041): Inferred latch for "segmentos[1]" at decod7segSomaUnid.vhd(19)
Info (10041): Inferred latch for "segmentos[0]" at decod7segSomaUnid.vhd(19)
Info (12128): Elaborating entity "decod7segSomaDez2" for hierarchy "decod7segSomaDez2:u_d"
Warning (10631): VHDL Process Statement warning at decod7segSomaDez2.vhd(16): inferring latch(es) for signal or variable "segmentos", which holds its previous value in one or more paths through the process
Info (10041): Inferred latch for "segmentos[6]" at decod7segSomaDez2.vhd(19)
Info (10041): Inferred latch for "segmentos[5]" at decod7segSomaDez2.vhd(19)
Info (10041): Inferred latch for "segmentos[4]" at decod7segSomaDez2.vhd(19)
Info (10041): Inferred latch for "segmentos[3]" at decod7segSomaDez2.vhd(19)
Info (10041): Inferred latch for "segmentos[2]" at decod7segSomaDez2.vhd(19)
Info (10041): Inferred latch for "segmentos[1]" at decod7segSomaDez2.vhd(19)
Info (10041): Inferred latch for "segmentos[0]" at decod7segSomaDez2.vhd(19)
Info (278001): Inferred 2 megafunctions from design logic
    Info (278004): Inferred divider/modulo megafunction ("lpm_divide") from the following logic: "Div0"
    Info (278004): Inferred divider/modulo megafunction ("lpm_divide") from the following logic: "Mod0"
Info (12130): Elaborated megafunction instantiation "lpm_divide:Div0"
Info (12133): Instantiated megafunction "lpm_divide:Div0" with the following parameter:
    Info (12134): Parameter "LPM_WIDTHN" = "7"
    Info (12134): Parameter "LPM_WIDTHD" = "7"
    Info (12134): Parameter "LPM_NREPRESENTATION" = "UNSIGNED"
    Info (12134): Parameter "LPM_DREPRESENTATION" = "UNSIGNED"
Info (12021): Found 1 design units, including 1 entities, in source file db/lpm_divide_3dm.tdf
    Info (12023): Found entity 1: lpm_divide_3dm
Info (12021): Found 1 design units, including 1 entities, in source file db/sign_div_unsign_dkh.tdf
    Info (12023): Found entity 1: sign_div_unsign_dkh
Info (12021): Found 1 design units, including 1 entities, in source file db/alt_u_div_sve.tdf
    Info (12023): Found entity 1: alt_u_div_sve
Info (12021): Found 1 design units, including 1 entities, in source file db/add_sub_lkc.tdf
    Info (12023): Found entity 1: add_sub_lkc
Info (12021): Found 1 design units, including 1 entities, in source file db/add_sub_mkc.tdf
    Info (12023): Found entity 1: add_sub_mkc
Info (12130): Elaborated megafunction instantiation "lpm_divide:Mod0"
Info (12133): Instantiated megafunction "lpm_divide:Mod0" with the following parameter:
    Info (12134): Parameter "LPM_WIDTHN" = "7"
    Info (12134): Parameter "LPM_WIDTHD" = "7"
    Info (12134): Parameter "LPM_NREPRESENTATION" = "UNSIGNED"
    Info (12134): Parameter "LPM_DREPRESENTATION" = "UNSIGNED"
Info (12021): Found 1 design units, including 1 entities, in source file db/lpm_divide_65m.tdf
    Info (12023): Found entity 1: lpm_divide_65m
Info (13025): Duplicate LATCH primitives merged into single LATCH primitive
    Info (13026): Duplicate LATCH primitive "decod7segSomaDez2:u_d|segmentos[3]" merged with LATCH primitive "decod7segSomaDez2:u_d|segmentos[0]"
    Info (13026): Duplicate LATCH primitive "acompanha[1]" merged with LATCH primitive "acompanha[0]"
Warning (13012): Latch res_negativo$latch has unsafe behavior
    Warning (13013): Ports D and ENA on the latch are fed by the same signal a[3]
    Warning (13013): Ports ENA and PRE on the latch are fed by the same signal a[3]
Warning (13012): Latch decod7segSomaUnid:u_u|segmentos[0] has unsafe behavior
    Warning (13013): Ports D and ENA on the latch are fed by the same signal sel_1
Warning (13012): Latch decod7segSomaDez2:u_d|segmentos[0] has unsafe behavior
    Warning (13013): Ports D and ENA on the latch are fed by the same signal sel_1
Warning (13012): Latch decod7segSomaUnid:u_meg|segmentos[0] has unsafe behavior
    Warning (13013): Ports D and ENA on the latch are fed by the same signal sel_1
Warning (13012): Latch decod7segSomaUnid:u_u|segmentos[1] has unsafe behavior
    Warning (13013): Ports D and ENA on the latch are fed by the same signal sel_1
Warning (13012): Latch decod7segSomaDez2:u_d|segmentos[1] has unsafe behavior
    Warning (13013): Ports D and ENA on the latch are fed by the same signal sel_1
Warning (13012): Latch decod7segSomaUnid:u_meg|segmentos[1] has unsafe behavior
    Warning (13013): Ports D and ENA on the latch are fed by the same signal sel_1
Warning (13012): Latch decod7segSomaUnid:u_u|segmentos[2] has unsafe behavior
    Warning (13013): Ports D and ENA on the latch are fed by the same signal sel_1
Warning (13012): Latch decod7segSomaDez2:u_d|segmentos[2] has unsafe behavior
    Warning (13013): Ports D and ENA on the latch are fed by the same signal sel_1
Warning (13012): Latch decod7segSomaUnid:u_meg|segmentos[2] has unsafe behavior
    Warning (13013): Ports D and ENA on the latch are fed by the same signal sel_1
Warning (13012): Latch decod7segSomaUnid:u_u|segmentos[3] has unsafe behavior
    Warning (13013): Ports D and ENA on the latch are fed by the same signal sel_1
Warning (13012): Latch decod7segSomaUnid:u_meg|segmentos[3] has unsafe behavior
    Warning (13013): Ports D and ENA on the latch are fed by the same signal sel_1
Warning (13012): Latch decod7segSomaUnid:u_u|segmentos[4] has unsafe behavior
    Warning (13013): Ports D and ENA on the latch are fed by the same signal sel_1
Warning (13012): Latch decod7segSomaDez2:u_d|segmentos[4] has unsafe behavior
    Warning (13013): Ports D and ENA on the latch are fed by the same signal sel_1
Warning (13012): Latch decod7segSomaUnid:u_meg|segmentos[4] has unsafe behavior
    Warning (13013): Ports D and ENA on the latch are fed by the same signal sel_1
Warning (13012): Latch decod7segSomaUnid:u_u|segmentos[5] has unsafe behavior
    Warning (13013): Ports D and ENA on the latch are fed by the same signal sel_1
Warning (13012): Latch decod7segSomaDez2:u_d|segmentos[5] has unsafe behavior
    Warning (13013): Ports D and ENA on the latch are fed by the same signal sel_1
Warning (13012): Latch decod7segSomaUnid:u_meg|segmentos[5] has unsafe behavior
    Warning (13013): Ports D and ENA on the latch are fed by the same signal sel_1
Warning (13012): Latch decod7segSomaUnid:u_u|segmentos[6] has unsafe behavior
    Warning (13013): Ports D and ENA on the latch are fed by the same signal sel_1
Warning (13012): Latch decod7segSomaDez2:u_d|segmentos[6] has unsafe behavior
    Warning (13013): Ports ENA and CLR on the latch are fed by the same signal sel_2
Warning (13012): Latch decod7segSomaUnid:u_meg|segmentos[6] has unsafe behavior
    Warning (13013): Ports D and ENA on the latch are fed by the same signal sel_1
Warning (13012): Latch acompanha[0] has unsafe behavior
    Warning (13013): Ports D and ENA on the latch are fed by the same signal a[3]
    Warning (13013): Ports ENA and PRE on the latch are fed by the same signal a[3]
Warning (13024): Output pins are stuck at VCC or GND
    Warning (13410): Pin "overflow" is stuck at GND
Info (16010): Generating hard_block partition "hard_block:auto_generated_inst"
    Info (16011): Adding 0 node(s), including 0 DDIO, 0 PLL, 0 transceiver and 0 LCELL
Warning (21074): Design contains 2 input pin(s) that do not drive logic
    Warning (15610): No output dependent on input pin "clk"
    Warning (15610): No output dependent on input pin "rst"
Info (21057): Implemented 403 device resources after synthesis - the final resource count might be different
    Info (21058): Implemented 12 input pins
    Info (21059): Implemented 31 output pins
    Info (21061): Implemented 360 logic cells
Info: Quartus II 64-Bit Analysis & Synthesis was successful. 0 errors, 63 warnings
    Info: Peak virtual memory: 4652 megabytes
    Info: Processing ended: Sat Dec 12 14:02:29 2020
    Info: Elapsed time: 00:00:06
    Info: Total CPU time (on all processors): 00:00:06


